<?xml version="1.0" encoding="UTF-8"?>
<!-- Generated by org.testng.reporters.JUnitReportReporter -->
<testsuite hostname="DESKTOP-U71LD0U" name="com.qa.tests.TestClass_1" tests="1" failures="0" timestamp="3 Mar 2019 05:01:35 GMT" time="25.470" errors="0">
  <testcase name="testTestClass1" time="25.470" classname="com.qa.tests.TestClass_1"/>
</testsuite> <!-- com.qa.tests.TestClass_1 -->
