<?xml version="1.0" encoding="UTF-8"?>
<!-- Generated by org.testng.reporters.JUnitReportReporter -->
<testsuite hostname="DESKTOP-U71LD0U" name="com.qa.tests.TestNG_Demo2" tests="2" failures="0" timestamp="1 Mar 2019 00:27:28 GMT" time="0.010" errors="0">
  <testcase name="testDemo2" time="0.003" classname="com.qa.tests.TestNG_Demo2"/>
  <testcase name="testDemo2A" time="0.007" classname="com.qa.tests.TestNG_Demo2"/>
</testsuite> <!-- com.qa.tests.TestNG_Demo2 -->
