<?xml version="1.0" encoding="UTF-8"?>
<!-- Generated by org.testng.reporters.JUnitReportReporter -->
<testsuite hostname="DESKTOP-U71LD0U" name="com.qa.tests.TestClass_2" tests="1" failures="0" timestamp="3 Mar 2019 05:02:11 GMT" time="21.465" errors="0">
  <testcase name="testTestClass1" time="21.465" classname="com.qa.tests.TestClass_2"/>
</testsuite> <!-- com.qa.tests.TestClass_2 -->
