<?xml version="1.0" encoding="UTF-8"?>
<!-- Generated by org.testng.reporters.JUnitReportReporter -->
<testsuite hostname="DESKTOP-U71LD0U" name="com.qa.tests.TestNG_Demo1" tests="1" failures="0" timestamp="1 Mar 2019 00:27:28 GMT" time="0.004" errors="0">
  <testcase name="testMethod" time="0.004" classname="com.qa.tests.TestNG_Demo1"/>
</testsuite> <!-- com.qa.tests.TestNG_Demo1 -->
