<?xml version="1.0" encoding="UTF-8"?>
<!-- Generated by org.testng.reporters.JUnitReportReporter -->
<testsuite hostname="DESKTOP-U71LD0U" name="com.qa.tests.TestNgDemo" tests="3" failures="0" timestamp="1 Mar 2019 00:27:28 GMT" time="0.029" errors="0">
  <testcase name="testMultiplication" time="0.004" classname="com.qa.tests.TestNgDemo"/>
  <testcase name="testSubtraction" time="0.006" classname="com.qa.tests.TestNgDemo"/>
  <testcase name="testAddition" time="0.019" classname="com.qa.tests.TestNgDemo"/>
</testsuite> <!-- com.qa.tests.TestNgDemo -->
